<?xml version="1.0" encoding="UTF-8"?>
<!-- Generated by org.testng.reporters.JUnitXMLReporter -->
<testsuite ignored="0" hostname="DESKTOP-S21U17A" failures="0" tests="7" name="Default test" time="58.901" errors="0" timestamp="2022-10-11T15:55:46 IST">
  <testcase classname="businesslogic.FlipkartTest" name="initialization_T0" time="5.074"/>
  <testcase classname="businesslogic.FlipkartTest" name="cross_T1" time="32.376"/>
  <testcase classname="businesslogic.FlipkartTest" name="TitleTest_T2" time="0.049"/>
  <testcase classname="businesslogic.FlipkartTest" name="MaxWindow_T3" time="0.01"/>
  <testcase classname="businesslogic.FlipkartTest" name="SendingQuerry_T4" time="0.109"/>
  <testcase classname="businesslogic.FlipkartTest" name="Search_T5" time="0.118"/>
  <testcase classname="businesslogic.FlipkartTest" name="Scroll_T6" time="0.031"/>
</testsuite> <!-- Default test -->
