<?xml version="1.0" encoding="UTF-8"?>
<testng-results ignored="0" total="7" passed="7" failed="0" skipped="0">
  <reporter-output>
  </reporter-output>
  <suite started-at="2022-10-11T15:54:47 IST" name="Default suite" finished-at="2022-10-11T15:55:46 IST" duration-ms="58901">
    <groups>
      <group name="Chrome">
        <method signature="FlipkartTest.cross_T1()[pri:0, instance:businesslogic.FlipkartTest@49dc7102]" name="cross_T1" class="businesslogic.FlipkartTest"/>
        <method signature="FlipkartTest.TitleTest_T2()[pri:0, instance:businesslogic.FlipkartTest@49dc7102]" name="TitleTest_T2" class="businesslogic.FlipkartTest"/>
        <method signature="FlipkartTest.MaxWindow_T3()[pri:0, instance:businesslogic.FlipkartTest@49dc7102]" name="MaxWindow_T3" class="businesslogic.FlipkartTest"/>
        <method signature="FlipkartTest.SendingQuerry_T4()[pri:0, instance:businesslogic.FlipkartTest@49dc7102]" name="SendingQuerry_T4" class="businesslogic.FlipkartTest"/>
        <method signature="FlipkartTest.Search_T5()[pri:0, instance:businesslogic.FlipkartTest@49dc7102]" name="Search_T5" class="businesslogic.FlipkartTest"/>
        <method signature="FlipkartTest.Scroll_T6()[pri:0, instance:businesslogic.FlipkartTest@49dc7102]" name="Scroll_T6" class="businesslogic.FlipkartTest"/>
      </group> <!-- Chrome -->
    </groups>
    <test started-at="2022-10-11T15:54:47 IST" name="Default test" finished-at="2022-10-11T15:55:46 IST" duration-ms="58901">
      <class name="businesslogic.FlipkartTest">
        <test-method signature="initialization_T0()[pri:0, instance:businesslogic.FlipkartTest@49dc7102]" started-at="2022-10-11T15:54:47 IST" name="initialization_T0" finished-at="2022-10-11T15:54:53 IST" duration-ms="5074" status="PASS">
          <reporter-output>
          </reporter-output>
        </test-method> <!-- initialization_T0 -->
        <test-method is-config="true" signature="afterMethod()[pri:0, instance:businesslogic.FlipkartTest@49dc7102]" started-at="2022-10-11T15:54:53 IST" name="afterMethod" finished-at="2022-10-11T15:54:56 IST" duration-ms="3012" status="PASS">
          <reporter-output>
          </reporter-output>
        </test-method> <!-- afterMethod -->
        <test-method signature="cross_T1()[pri:0, instance:businesslogic.FlipkartTest@49dc7102]" started-at="2022-10-11T15:54:56 IST" name="cross_T1" finished-at="2022-10-11T15:55:28 IST" depends-on-methods="businesslogic.FlipkartTest.initialization_T0" duration-ms="32376" status="PASS">
          <reporter-output>
          </reporter-output>
        </test-method> <!-- cross_T1 -->
        <test-method is-config="true" signature="afterMethod()[pri:0, instance:businesslogic.FlipkartTest@49dc7102]" started-at="2022-10-11T15:55:28 IST" name="afterMethod" finished-at="2022-10-11T15:55:31 IST" duration-ms="3004" status="PASS">
          <reporter-output>
          </reporter-output>
        </test-method> <!-- afterMethod -->
        <test-method signature="TitleTest_T2()[pri:0, instance:businesslogic.FlipkartTest@49dc7102]" started-at="2022-10-11T15:55:31 IST" name="TitleTest_T2" finished-at="2022-10-11T15:55:31 IST" depends-on-methods="businesslogic.FlipkartTest.cross_T1" duration-ms="49" status="PASS">
          <reporter-output>
          </reporter-output>
        </test-method> <!-- TitleTest_T2 -->
        <test-method is-config="true" signature="afterMethod()[pri:0, instance:businesslogic.FlipkartTest@49dc7102]" started-at="2022-10-11T15:55:31 IST" name="afterMethod" finished-at="2022-10-11T15:55:34 IST" duration-ms="3012" status="PASS">
          <reporter-output>
          </reporter-output>
        </test-method> <!-- afterMethod -->
        <test-method signature="MaxWindow_T3()[pri:0, instance:businesslogic.FlipkartTest@49dc7102]" started-at="2022-10-11T15:55:34 IST" name="MaxWindow_T3" finished-at="2022-10-11T15:55:34 IST" depends-on-methods="businesslogic.FlipkartTest.TitleTest_T2" duration-ms="10" status="PASS">
          <reporter-output>
          </reporter-output>
        </test-method> <!-- MaxWindow_T3 -->
        <test-method is-config="true" signature="afterMethod()[pri:0, instance:businesslogic.FlipkartTest@49dc7102]" started-at="2022-10-11T15:55:34 IST" name="afterMethod" finished-at="2022-10-11T15:55:37 IST" duration-ms="3013" status="PASS">
          <reporter-output>
          </reporter-output>
        </test-method> <!-- afterMethod -->
        <test-method signature="SendingQuerry_T4()[pri:0, instance:businesslogic.FlipkartTest@49dc7102]" started-at="2022-10-11T15:55:37 IST" name="SendingQuerry_T4" finished-at="2022-10-11T15:55:37 IST" depends-on-methods="businesslogic.FlipkartTest.MaxWindow_T3" duration-ms="109" status="PASS">
          <reporter-output>
          </reporter-output>
        </test-method> <!-- SendingQuerry_T4 -->
        <test-method is-config="true" signature="afterMethod()[pri:0, instance:businesslogic.FlipkartTest@49dc7102]" started-at="2022-10-11T15:55:37 IST" name="afterMethod" finished-at="2022-10-11T15:55:40 IST" duration-ms="3002" status="PASS">
          <reporter-output>
          </reporter-output>
        </test-method> <!-- afterMethod -->
        <test-method signature="Search_T5()[pri:0, instance:businesslogic.FlipkartTest@49dc7102]" started-at="2022-10-11T15:55:40 IST" name="Search_T5" finished-at="2022-10-11T15:55:40 IST" depends-on-methods="businesslogic.FlipkartTest.SendingQuerry_T4" duration-ms="118" status="PASS">
          <reporter-output>
          </reporter-output>
        </test-method> <!-- Search_T5 -->
        <test-method is-config="true" signature="afterMethod()[pri:0, instance:businesslogic.FlipkartTest@49dc7102]" started-at="2022-10-11T15:55:40 IST" name="afterMethod" finished-at="2022-10-11T15:55:43 IST" duration-ms="3003" status="PASS">
          <reporter-output>
          </reporter-output>
        </test-method> <!-- afterMethod -->
        <test-method signature="Scroll_T6()[pri:0, instance:businesslogic.FlipkartTest@49dc7102]" started-at="2022-10-11T15:55:43 IST" name="Scroll_T6" finished-at="2022-10-11T15:55:43 IST" depends-on-methods="businesslogic.FlipkartTest.Search_T5" duration-ms="31" status="PASS">
          <reporter-output>
          </reporter-output>
        </test-method> <!-- Scroll_T6 -->
        <test-method is-config="true" signature="afterMethod()[pri:0, instance:businesslogic.FlipkartTest@49dc7102]" started-at="2022-10-11T15:55:43 IST" name="afterMethod" finished-at="2022-10-11T15:55:46 IST" duration-ms="3006" status="PASS">
          <reporter-output>
          </reporter-output>
        </test-method> <!-- afterMethod -->
        <test-method is-config="true" signature="Message2()[pri:0, instance:businesslogic.FlipkartTest@49dc7102]" started-at="2022-10-11T15:55:46 IST" name="Message2" finished-at="2022-10-11T15:55:46 IST" duration-ms="0" status="PASS">
          <reporter-output>
          </reporter-output>
        </test-method> <!-- Message2 -->
      </class> <!-- businesslogic.FlipkartTest -->
    </test> <!-- Default test -->
  </suite> <!-- Default suite -->
</testng-results>
